android/app/build/intermediates/manifest_merge_blame_file/debug/manifest-merger-blame-debug-report.txt
1<?xml version="1.0" encoding="utf-8"?>
2<manifest xmlns:android="http://schemas.android.com/apk/res/android"
3    package="com.zeropercent"
4    android:versionCode="1"
5    android:versionName="1.0" >
6
7    <uses-sdk
8        android:minSdkVersion="21"
9        android:targetSdkVersion="29" />
10
11    <uses-permission android:name="android.permission.SYSTEM_ALERT_WINDOW" />
11-->src/debug/AndroidManifest.xml:5:5-77
11-->src/debug/AndroidManifest.xml:5:22-75
12    <uses-permission android:name="android.permission.INTERNET" />
12-->src/main/AndroidManifest.xml:4:5-67
12-->src/main/AndroidManifest.xml:4:22-64
13    <uses-permission android:name="android.permission.ACCESS_WIFI_STATE" />
13-->[com.facebook.flipper:flipper:0.54.0] AndroidManifest.xml:16:5-76
13-->[com.facebook.flipper:flipper:0.54.0] AndroidManifest.xml:16:22-73
14    <uses-permission android:name="android.permission.WRITE_EXTERNAL_STORAGE" />
14-->[:react-native-create-thumbnail] AndroidManifest.xml:11:5-81
14-->[:react-native-create-thumbnail] AndroidManifest.xml:11:22-78
15    <uses-permission android:name="android.permission.READ_EXTERNAL_STORAGE" /> <!-- Required to access Google Play Licensing -->
15-->[:react-native-create-thumbnail] AndroidManifest.xml:12:5-80
15-->[:react-native-create-thumbnail] AndroidManifest.xml:12:22-77
16    <uses-permission android:name="com.android.vending.CHECK_LICENSE" />
16-->[:rn-fetch-blob] AndroidManifest.xml:12:5-73
16-->[:rn-fetch-blob] AndroidManifest.xml:12:22-70
17    <!--
18         Required to keep CPU alive while downloading files
19        (NOT to keep screen awake)
20    -->
21    <uses-permission android:name="android.permission.WAKE_LOCK" />
21-->[:rn-fetch-blob] AndroidManifest.xml:21:5-68
21-->[:rn-fetch-blob] AndroidManifest.xml:21:22-65
22    <!--
23         Required to poll the state of the network connection
24        and respond to changes
25    -->
26    <uses-permission android:name="android.permission.ACCESS_NETWORK_STATE" />
26-->[:rn-fetch-blob] AndroidManifest.xml:27:5-79
26-->[:rn-fetch-blob] AndroidManifest.xml:27:22-76
27
28    <application
28-->src/main/AndroidManifest.xml:6:5-25:19
29        android:name="com.zeropercent.MainApplication"
29-->src/main/AndroidManifest.xml:7:7-38
30        android:allowBackup="false"
30-->src/main/AndroidManifest.xml:11:7-34
31        android:appComponentFactory="androidx.core.app.CoreComponentFactory"
31-->[androidx.core:core:1.3.1] AndroidManifest.xml:24:18-86
32        android:debuggable="true"
33        android:icon="@mipmap/ic_launcher"
33-->src/main/AndroidManifest.xml:9:7-41
34        android:label="@string/app_name"
34-->src/main/AndroidManifest.xml:8:7-39
35        android:roundIcon="@mipmap/ic_launcher_round"
35-->src/main/AndroidManifest.xml:10:7-52
36        android:theme="@style/AppTheme"
36-->src/main/AndroidManifest.xml:12:7-38
37        android:usesCleartextTraffic="true" >
37-->src/debug/AndroidManifest.xml:7:18-53
38        <activity
38-->src/main/AndroidManifest.xml:13:7-23:18
39            android:name="com.zeropercent.MainActivity"
39-->src/main/AndroidManifest.xml:14:9-37
40            android:configChanges="keyboard|keyboardHidden|orientation|screenSize|uiMode"
40-->src/main/AndroidManifest.xml:16:9-86
41            android:label="@string/app_name"
41-->src/main/AndroidManifest.xml:15:9-41
42            android:launchMode="singleTask"
42-->src/main/AndroidManifest.xml:17:9-40
43            android:windowSoftInputMode="adjustNothing" >
43-->src/main/AndroidManifest.xml:18:9-52
44            <intent-filter>
44-->src/main/AndroidManifest.xml:19:9-22:25
45                <action android:name="android.intent.action.MAIN" />
45-->src/main/AndroidManifest.xml:20:13-65
45-->src/main/AndroidManifest.xml:20:21-62
46
47                <category android:name="android.intent.category.LAUNCHER" />
47-->src/main/AndroidManifest.xml:21:13-73
47-->src/main/AndroidManifest.xml:21:23-70
48            </intent-filter>
49        </activity>
50        <activity android:name="com.facebook.react.devsupport.DevSettingsActivity" />
50-->src/main/AndroidManifest.xml:24:7-84
50-->src/main/AndroidManifest.xml:24:17-81
51
52        <provider
52-->[:react-native-image-picker] AndroidManifest.xml:12:9-20:20
53            android:name="com.imagepicker.ImagePickerProvider"
53-->[:react-native-image-picker] AndroidManifest.xml:13:13-63
54            android:authorities="com.zeropercent.imagepickerprovider"
54-->[:react-native-image-picker] AndroidManifest.xml:14:13-71
55            android:exported="false"
55-->[:react-native-image-picker] AndroidManifest.xml:15:13-37
56            android:grantUriPermissions="true" >
56-->[:react-native-image-picker] AndroidManifest.xml:16:13-47
57            <meta-data
57-->[:react-native-image-picker] AndroidManifest.xml:17:13-19:70
58                android:name="android.support.FILE_PROVIDER_PATHS"
58-->[:react-native-image-picker] AndroidManifest.xml:18:17-67
59                android:resource="@xml/imagepicker_provider_paths" />
59-->[:react-native-image-picker] AndroidManifest.xml:19:17-67
60        </provider>
61        <provider
61-->[:react-native-webview] AndroidManifest.xml:12:9-20:20
62            android:name="com.reactnativecommunity.webview.RNCWebViewFileProvider"
62-->[:react-native-webview] AndroidManifest.xml:13:13-83
63            android:authorities="com.zeropercent.fileprovider"
63-->[:react-native-webview] AndroidManifest.xml:14:13-64
64            android:exported="false"
64-->[:react-native-webview] AndroidManifest.xml:15:13-37
65            android:grantUriPermissions="true" >
65-->[:react-native-webview] AndroidManifest.xml:16:13-47
66            <meta-data
66-->[:react-native-image-picker] AndroidManifest.xml:17:13-19:70
67                android:name="android.support.FILE_PROVIDER_PATHS"
67-->[:react-native-image-picker] AndroidManifest.xml:18:17-67
68                android:resource="@xml/file_provider_paths" />
68-->[:react-native-image-picker] AndroidManifest.xml:19:17-67
69        </provider>
70        <provider
70-->[:rn-fetch-blob] AndroidManifest.xml:36:9-44:20
71            android:name="com.RNFetchBlob.Utils.FileProvider"
71-->[:rn-fetch-blob] AndroidManifest.xml:37:13-62
72            android:authorities="com.zeropercent.provider"
72-->[:rn-fetch-blob] AndroidManifest.xml:38:13-60
73            android:exported="false"
73-->[:rn-fetch-blob] AndroidManifest.xml:39:13-37
74            android:grantUriPermissions="true" >
74-->[:rn-fetch-blob] AndroidManifest.xml:40:13-47
75            <meta-data
75-->[:react-native-image-picker] AndroidManifest.xml:17:13-19:70
76                android:name="android.support.FILE_PROVIDER_PATHS"
76-->[:react-native-image-picker] AndroidManifest.xml:18:17-67
77                android:resource="@xml/provider_paths" />
77-->[:react-native-image-picker] AndroidManifest.xml:19:17-67
78        </provider>
79    </application>
80
81</manifest>